{
  "stats": {
    "suites": 1,
    "tests": 10,
    "passes": 10,
    "pending": 0,
    "failures": 0,
    "start": "2021-04-26T20:18:53.927Z",
    "end": "2021-04-26T20:19:30.368Z",
    "duration": 36441,
    "testsRegistered": 10,
    "passPercent": 100,
    "pendingPercent": 0,
    "other": 0,
    "hasOther": false,
    "skipped": 0,
    "hasSkipped": false
  },
  "results": [
    {
      "uuid": "bdffb338-9a22-465a-b595-59630c22bcaa",
      "title": "",
      "fullFile": "cypress/integration/test-suit-with-po.spec.js",
      "file": "cypress/integration/test-suit-with-po.spec.js",
      "beforeHooks": [],
      "afterHooks": [],
      "tests": [],
      "suites": [
        {
          "uuid": "6aab9f80-8a27-462e-a868-faf7791dfc04",
          "title": "Test suit with Page-objects",
          "fullFile": "",
          "file": "",
          "beforeHooks": [],
          "afterHooks": [],
          "tests": [
            {
              "title": "1.Perform a valid login",
              "fullTitle": "Test suit with Page-objects 1.Perform a valid login",
              "timedOut": null,
              "duration": 2631,
              "state": "passed",
              "speed": "slow",
              "pass": true,
              "fail": false,
              "pending": false,
              "context": null,
              "code": "//cy.visit('http://localhost:3000')  \n//loginFuncs.checkLoginPageTitle\n//loginFuncs.performValidLogin('tester01', 'GteteqbQQgSr88SwNExUQv2ydb7xuf8c','Welcome')\ndashboardFuncs.performLogout('Login');",
              "err": {},
              "uuid": "4cc4958f-ffe0-4852-b34f-9ca225139cfc",
              "parentUUID": "6aab9f80-8a27-462e-a868-faf7791dfc04",
              "isHook": false,
              "skipped": false
            },
            {
              "title": "2.View rooms and come back to dashboard-page",
              "fullTitle": "Test suit with Page-objects 2.View rooms and come back to dashboard-page",
              "timedOut": null,
              "duration": 2939,
              "state": "passed",
              "speed": "slow",
              "pass": true,
              "fail": false,
              "pending": false,
              "context": null,
              "code": "dashboardFuncs.viewRooms(\"Rooms\");\nroomsFuncs.backToDashboardFromRooms(\"Tester Hotel Overview\");",
              "err": {},
              "uuid": "87002528-9fb9-46fc-99e6-38611bef7e94",
              "parentUUID": "6aab9f80-8a27-462e-a868-faf7791dfc04",
              "isHook": false,
              "skipped": false
            },
            {
              "title": "3.Create a new room",
              "fullTitle": "Test suit with Page-objects 3.Create a new room",
              "timedOut": null,
              "duration": 4473,
              "state": "passed",
              "speed": "slow",
              "pass": true,
              "fail": false,
              "pending": false,
              "context": null,
              "code": "dashboardFuncs.viewRooms(\"Rooms\");\nroomsFuncs.createRoom(\"New Room\");\nnewRoomsFuncs.createANewRoom('double', '3', '1', '1234', 'balcony');\nnewRoomsFuncs.saveANewRoom('Rooms');\nroomsFuncs.verifyNewRoom('double', '3', '1', '1234', 'balcony');",
              "err": {},
              "uuid": "f624a067-3153-47cc-a47b-b0215bdfc2f9",
              "parentUUID": "6aab9f80-8a27-462e-a868-faf7791dfc04",
              "isHook": false,
              "skipped": false
            },
            {
              "title": "4.Edit last room",
              "fullTitle": "Test suit with Page-objects 4.Edit last room",
              "timedOut": null,
              "duration": 4809,
              "state": "passed",
              "speed": "slow",
              "pass": true,
              "fail": false,
              "pending": false,
              "context": null,
              "code": "dashboardFuncs.viewRooms(\"Rooms\");\nroomsFuncs.openFreeDottsAndEdit(\"ID\");\neditRoomFuncs.editRoom('single', '3', '1', '1000', ['balcony', 'sea_view']);\neditRoomFuncs.saveEditedRoom('Rooms');\nroomsFuncs.verifyEditedRoom('single', '3', '1', '1000', ['balcony', 'sea_view']);",
              "err": {},
              "uuid": "2280b398-a20f-467d-bdc7-9faf0338ef1e",
              "parentUUID": "6aab9f80-8a27-462e-a868-faf7791dfc04",
              "isHook": false,
              "skipped": false
            },
            {
              "title": "5.Delete last room",
              "fullTitle": "Test suit with Page-objects 5.Delete last room",
              "timedOut": null,
              "duration": 2980,
              "state": "passed",
              "speed": "slow",
              "pass": true,
              "fail": false,
              "pending": false,
              "context": null,
              "code": "dashboardFuncs.viewRooms(\"Rooms\");\nroomsFuncs.openFreeDottsAndDelete();",
              "err": {},
              "uuid": "18b110a6-fa3c-4701-9f5f-30c0bd0f7690",
              "parentUUID": "6aab9f80-8a27-462e-a868-faf7791dfc04",
              "isHook": false,
              "skipped": false
            },
            {
              "title": "6.View Clients and come back to the dashboard page",
              "fullTitle": "Test suit with Page-objects 6.View Clients and come back to the dashboard page",
              "timedOut": null,
              "duration": 2889,
              "state": "passed",
              "speed": "slow",
              "pass": true,
              "fail": false,
              "pending": false,
              "context": null,
              "code": "dashboardFuncs.viewClients(\"Clients\");\nclientFuncs.backToDashboardFromClients(\"Tester Hotel Overview\");",
              "err": {},
              "uuid": "3f9de67d-a35d-4359-919c-d04ab144b663",
              "parentUUID": "6aab9f80-8a27-462e-a868-faf7791dfc04",
              "isHook": false,
              "skipped": false
            },
            {
              "title": "7.Create new client",
              "fullTitle": "Test suit with Page-objects 7.Create new client",
              "timedOut": null,
              "duration": 4638,
              "state": "passed",
              "speed": "slow",
              "pass": true,
              "fail": false,
              "pending": false,
              "context": null,
              "code": "dashboardFuncs.viewClients('Clients');\nclientFuncs.createNewClient('New Client');\nnewClientFuncs.creatingNewClient(randomName, randomEmail, randomTelephone);\nnewClientFuncs.savingNewClient('Clients');\nclientFuncs.confirmingNewClient(randomName, randomEmail, randomTelephone);",
              "err": {},
              "uuid": "21cd36b1-47a2-4293-99ff-6cb3d177d502",
              "parentUUID": "6aab9f80-8a27-462e-a868-faf7791dfc04",
              "isHook": false,
              "skipped": false
            },
            {
              "title": "8.Edit last client",
              "fullTitle": "Test suit with Page-objects 8.Edit last client",
              "timedOut": null,
              "duration": 4950,
              "state": "passed",
              "speed": "slow",
              "pass": true,
              "fail": false,
              "pending": false,
              "context": null,
              "code": "dashboardFuncs.viewClients('Clients');\nclientFuncs.editLastClient(\"ID\");\neditClientsFuncs.editRoom(randomName, randomEmail, randomTelephone);\neditClientsFuncs.saveEditedClient('Clients');\nclientFuncs.verifyEditedClient(randomName, randomEmail, randomTelephone);",
              "err": {},
              "uuid": "0997cd96-f84c-42d3-87de-4173605c546f",
              "parentUUID": "6aab9f80-8a27-462e-a868-faf7791dfc04",
              "isHook": false,
              "skipped": false
            },
            {
              "title": "9.Delete last client",
              "fullTitle": "Test suit with Page-objects 9.Delete last client",
              "timedOut": null,
              "duration": 3104,
              "state": "passed",
              "speed": "slow",
              "pass": true,
              "fail": false,
              "pending": false,
              "context": null,
              "code": "dashboardFuncs.viewClients('Clients');\nclientFuncs.deleteLastClient();",
              "err": {},
              "uuid": "a75ac941-5b4a-43b7-870f-4b7469fa5ec5",
              "parentUUID": "6aab9f80-8a27-462e-a868-faf7791dfc04",
              "isHook": false,
              "skipped": false
            },
            {
              "title": "10.View Bills and come back to the dashboard page",
              "fullTitle": "Test suit with Page-objects 10.View Bills and come back to the dashboard page",
              "timedOut": null,
              "duration": 2833,
              "state": "passed",
              "speed": "slow",
              "pass": true,
              "fail": false,
              "pending": false,
              "context": null,
              "code": "dashboardFuncs.viewBills(\"Bills\");\nbillsFuncs.backToDashboardFromBills(\"Tester Hotel Overview\");",
              "err": {},
              "uuid": "b2910563-cbf2-4291-8dd6-48e44160572d",
              "parentUUID": "6aab9f80-8a27-462e-a868-faf7791dfc04",
              "isHook": false,
              "skipped": false
            }
          ],
          "suites": [],
          "passes": [
            "4cc4958f-ffe0-4852-b34f-9ca225139cfc",
            "87002528-9fb9-46fc-99e6-38611bef7e94",
            "f624a067-3153-47cc-a47b-b0215bdfc2f9",
            "2280b398-a20f-467d-bdc7-9faf0338ef1e",
            "18b110a6-fa3c-4701-9f5f-30c0bd0f7690",
            "3f9de67d-a35d-4359-919c-d04ab144b663",
            "21cd36b1-47a2-4293-99ff-6cb3d177d502",
            "0997cd96-f84c-42d3-87de-4173605c546f",
            "a75ac941-5b4a-43b7-870f-4b7469fa5ec5",
            "b2910563-cbf2-4291-8dd6-48e44160572d"
          ],
          "failures": [],
          "pending": [],
          "skipped": [],
          "duration": 36246,
          "root": false,
          "rootEmpty": false,
          "_timeout": 2000
        }
      ],
      "passes": [],
      "failures": [],
      "pending": [],
      "skipped": [],
      "duration": 0,
      "root": true,
      "rootEmpty": true,
      "_timeout": 2000
    }
  ],
  "meta": {
    "mocha": {
      "version": "7.0.1"
    },
    "mochawesome": {
      "options": {
        "quiet": false,
        "reportFilename": "mochawesome",
        "saveHtml": false,
        "saveJson": true,
        "consoleReporter": "spec",
        "useInlineDiffs": false,
        "code": true
      },
      "version": "6.2.2"
    },
    "marge": {
      "options": {
        "reportDir": "cypress/results",
        "overwrite": "false",
        "html": "false",
        "json": "true"
      },
      "version": "5.2.0"
    }
  }
}