{
  "stats": {
    "suites": 1,
    "tests": 4,
    "passes": 4,
    "pending": 0,
    "failures": 0,
    "start": "2021-04-30T08:39:03.727Z",
    "end": "2021-04-30T08:39:21.972Z",
    "duration": 18245,
    "testsRegistered": 4,
    "passPercent": 100,
    "pendingPercent": 0,
    "other": 0,
    "hasOther": false,
    "skipped": 0,
    "hasSkipped": false
  },
  "results": [
    {
      "uuid": "e1aa4a52-f486-4a98-802a-c1ce8b807092",
      "title": "",
      "fullFile": "cypress/integration/test-suit-for-percey.spec.js",
      "file": "cypress/integration/test-suit-for-percey.spec.js",
      "beforeHooks": [],
      "afterHooks": [],
      "tests": [],
      "suites": [
        {
          "uuid": "56c60b11-5649-46a0-961e-cbea6a3bc5ba",
          "title": "Test suit with Page-objects",
          "fullFile": "",
          "file": "",
          "beforeHooks": [],
          "afterHooks": [],
          "tests": [
            {
              "title": "1.Perform a valid login",
              "fullTitle": "Test suit with Page-objects 1.Perform a valid login",
              "timedOut": null,
              "duration": 3976,
              "state": "passed",
              "speed": "slow",
              "pass": true,
              "fail": false,
              "pending": false,
              "context": null,
              "code": "dashboardFuncs.performLogout('Login'); //here at login-page\ncy.log('At Login-page.');\ncy.percySnapshot('Login-page');",
              "err": {},
              "uuid": "f578b856-66aa-463f-98e8-47f7121f301b",
              "parentUUID": "56c60b11-5649-46a0-961e-cbea6a3bc5ba",
              "isHook": false,
              "skipped": false
            },
            {
              "title": "2.View rooms and come back to dashboard-page",
              "fullTitle": "Test suit with Page-objects 2.View rooms and come back to dashboard-page",
              "timedOut": null,
              "duration": 4867,
              "state": "passed",
              "speed": "slow",
              "pass": true,
              "fail": false,
              "pending": false,
              "context": null,
              "code": "cy.get(':nth-child(1) > .btn').click();\ncy.contains('Rooms'); //here at rooms-page\ncy.wait(500);\ncy.log('At Rooms page.');\ncy.percySnapshot('Rooms-page');\ncy.wait(500);\nroomsFuncs.backToDashboardFromRooms(\"Tester Hotel Overview\");\n/*here at dashboard-page again\ncy.wait(500)\ncy.log('At Dashboard page.')\ncy.percySnapshot('Dashboard-page')*/",
              "err": {},
              "uuid": "8df98e14-2b0e-4369-8f78-8eeb4b1be163",
              "parentUUID": "56c60b11-5649-46a0-961e-cbea6a3bc5ba",
              "isHook": false,
              "skipped": false
            },
            {
              "title": "3.View Clients and come back to the dashboard page",
              "fullTitle": "Test suit with Page-objects 3.View Clients and come back to the dashboard page",
              "timedOut": null,
              "duration": 4662,
              "state": "passed",
              "speed": "slow",
              "pass": true,
              "fail": false,
              "pending": false,
              "context": null,
              "code": "dashboardFuncs.viewClients(\"Clients\"); //here at clients-page\ncy.wait(500);\ncy.log('At Clienta page.');\ncy.percySnapshot('Clients-page');\ncy.wait(500);\nclientFuncs.backToDashboardFromClients(\"Tester Hotel Overview\");",
              "err": {},
              "uuid": "d42cd816-5eb0-4925-a25d-dbf4f1143980",
              "parentUUID": "56c60b11-5649-46a0-961e-cbea6a3bc5ba",
              "isHook": false,
              "skipped": false
            },
            {
              "title": "4.View Bills and come back to the dashboard page",
              "fullTitle": "Test suit with Page-objects 4.View Bills and come back to the dashboard page",
              "timedOut": null,
              "duration": 4652,
              "state": "passed",
              "speed": "slow",
              "pass": true,
              "fail": false,
              "pending": false,
              "context": null,
              "code": "dashboardFuncs.viewBills(\"Bills\"); //here at bills-page\ncy.wait(500);\ncy.log('At Bills-page.');\ncy.percySnapshot('Bills-page');\ncy.wait(500);\nbillsFuncs.backToDashboardFromBills(\"Tester Hotel Overview\");",
              "err": {},
              "uuid": "b3ac6741-b87d-405e-a5e5-62ddc4fdb573",
              "parentUUID": "56c60b11-5649-46a0-961e-cbea6a3bc5ba",
              "isHook": false,
              "skipped": false
            }
          ],
          "suites": [],
          "passes": [
            "f578b856-66aa-463f-98e8-47f7121f301b",
            "8df98e14-2b0e-4369-8f78-8eeb4b1be163",
            "d42cd816-5eb0-4925-a25d-dbf4f1143980",
            "b3ac6741-b87d-405e-a5e5-62ddc4fdb573"
          ],
          "failures": [],
          "pending": [],
          "skipped": [],
          "duration": 18157,
          "root": false,
          "rootEmpty": false,
          "_timeout": 2000
        }
      ],
      "passes": [],
      "failures": [],
      "pending": [],
      "skipped": [],
      "duration": 0,
      "root": true,
      "rootEmpty": true,
      "_timeout": 2000
    }
  ],
  "meta": {
    "mocha": {
      "version": "7.0.1"
    },
    "mochawesome": {
      "options": {
        "quiet": false,
        "reportFilename": "mochawesome",
        "saveHtml": false,
        "saveJson": true,
        "consoleReporter": "spec",
        "useInlineDiffs": false,
        "code": true
      },
      "version": "6.2.2"
    },
    "marge": {
      "options": {
        "reportDir": "cypress/results",
        "overwrite": "false",
        "html": "false",
        "json": "true"
      },
      "version": "5.2.0"
    }
  }
}