{
  "stats": {
    "suites": 1,
    "tests": 10,
    "passes": 10,
    "pending": 0,
    "failures": 0,
    "start": "2021-04-27T18:08:02.053Z",
    "end": "2021-04-27T18:08:52.160Z",
    "duration": 50107,
    "testsRegistered": 10,
    "passPercent": 100,
    "pendingPercent": 0,
    "other": 0,
    "hasOther": false,
    "skipped": 0,
    "hasSkipped": false
  },
  "results": [
    {
      "uuid": "dd97d1d5-fcfb-476c-bc6a-5e7820e408b4",
      "title": "",
      "fullFile": "cypress/integration/test-suit-with-po.spec.js",
      "file": "cypress/integration/test-suit-with-po.spec.js",
      "beforeHooks": [],
      "afterHooks": [],
      "tests": [],
      "suites": [
        {
          "uuid": "a41164a8-91bd-4ac4-83c6-925967508f84",
          "title": "Test suit with Page-objects",
          "fullFile": "",
          "file": "",
          "beforeHooks": [],
          "afterHooks": [],
          "tests": [
            {
              "title": "1.Perform a valid login",
              "fullTitle": "Test suit with Page-objects 1.Perform a valid login",
              "timedOut": null,
              "duration": 4077,
              "state": "passed",
              "speed": "slow",
              "pass": true,
              "fail": false,
              "pending": false,
              "context": null,
              "code": "//cy.visit('http://localhost:3000')  \n//loginFuncs.checkLoginPageTitle\n//loginFuncs.performValidLogin('tester01', 'GteteqbQQgSr88SwNExUQv2ydb7xuf8c','Welcome')\ndashboardFuncs.performLogout('Login');",
              "err": {},
              "uuid": "e3e73056-4cd2-4ffa-a0ba-957d28b396b2",
              "parentUUID": "a41164a8-91bd-4ac4-83c6-925967508f84",
              "isHook": false,
              "skipped": false
            },
            {
              "title": "2.View rooms and come back to dashboard-page",
              "fullTitle": "Test suit with Page-objects 2.View rooms and come back to dashboard-page",
              "timedOut": null,
              "duration": 6110,
              "state": "passed",
              "speed": "slow",
              "pass": true,
              "fail": false,
              "pending": false,
              "context": null,
              "code": "dashboardFuncs.viewRooms(\"Rooms\");\ncy.wait(500);\ncy.log('At Rooms page.');\ncy.percySnapshot('Rooms-page');\nroomsFuncs.backToDashboardFromRooms(\"Tester Hotel Overview\");\ncy.wait(500);\ncy.log('At Dashboard page.');\ncy.percySnapshot('Dashboard-page');",
              "err": {},
              "uuid": "d0d7e57c-834c-4460-81a2-78f151c7a134",
              "parentUUID": "a41164a8-91bd-4ac4-83c6-925967508f84",
              "isHook": false,
              "skipped": false
            },
            {
              "title": "3.Create a new room",
              "fullTitle": "Test suit with Page-objects 3.Create a new room",
              "timedOut": null,
              "duration": 6236,
              "state": "passed",
              "speed": "slow",
              "pass": true,
              "fail": false,
              "pending": false,
              "context": null,
              "code": "dashboardFuncs.viewRooms(\"Rooms\");\nroomsFuncs.createRoom(\"New Room\");\nnewRoomsFuncs.createANewRoom('double', randomRoom, randomFloor, randomAvailability, randomPrice, 'balcony');\nnewRoomsFuncs.saveANewRoom('Rooms');\nroomsFuncs.verifyNewRoom('double', randomRoom, randomFloor, randomAvailability, randomPrice, 'balcony');",
              "err": {},
              "uuid": "f3c4ee3d-5b87-4d6f-a809-04068949e465",
              "parentUUID": "a41164a8-91bd-4ac4-83c6-925967508f84",
              "isHook": false,
              "skipped": false
            },
            {
              "title": "4.Edit last room",
              "fullTitle": "Test suit with Page-objects 4.Edit last room",
              "timedOut": null,
              "duration": 5408,
              "state": "passed",
              "speed": "slow",
              "pass": true,
              "fail": false,
              "pending": false,
              "context": null,
              "code": "dashboardFuncs.viewRooms(\"Rooms\");\nroomsFuncs.openFreeDottsAndEdit(\"ID\");\neditRoomFuncs.editRoom('double', randomRoom, randomFloor, randomAvailability, randomPrice, ['balcony', 'sea_view']);\neditRoomFuncs.saveEditedRoom('Rooms');\nroomsFuncs.verifyEditedRoom('double', randomRoom, randomFloor, randomAvailability, randomPrice, ['balcony', 'sea_view']);",
              "err": {},
              "uuid": "b6885e40-93fb-490c-8bea-6969e37c4f1d",
              "parentUUID": "a41164a8-91bd-4ac4-83c6-925967508f84",
              "isHook": false,
              "skipped": false
            },
            {
              "title": "5.Delete last room",
              "fullTitle": "Test suit with Page-objects 5.Delete last room",
              "timedOut": null,
              "duration": 4315,
              "state": "passed",
              "speed": "slow",
              "pass": true,
              "fail": false,
              "pending": false,
              "context": null,
              "code": "dashboardFuncs.viewRooms(\"Rooms\");\nroomsFuncs.openFreeDottsAndDelete();",
              "err": {},
              "uuid": "eaf2a7b1-7f39-41d5-8c16-03447c0b6afe",
              "parentUUID": "a41164a8-91bd-4ac4-83c6-925967508f84",
              "isHook": false,
              "skipped": false
            },
            {
              "title": "6.View Clients and come back to the dashboard page",
              "fullTitle": "Test suit with Page-objects 6.View Clients and come back to the dashboard page",
              "timedOut": null,
              "duration": 4114,
              "state": "passed",
              "speed": "slow",
              "pass": true,
              "fail": false,
              "pending": false,
              "context": null,
              "code": "dashboardFuncs.viewClients(\"Clients\");\nclientFuncs.backToDashboardFromClients(\"Tester Hotel Overview\");",
              "err": {},
              "uuid": "9dde39e0-380b-483f-9157-99334f3e09a1",
              "parentUUID": "a41164a8-91bd-4ac4-83c6-925967508f84",
              "isHook": false,
              "skipped": false
            },
            {
              "title": "7.Create new client",
              "fullTitle": "Test suit with Page-objects 7.Create new client",
              "timedOut": null,
              "duration": 5818,
              "state": "passed",
              "speed": "slow",
              "pass": true,
              "fail": false,
              "pending": false,
              "context": null,
              "code": "dashboardFuncs.viewClients('Clients');\nclientFuncs.createNewClient('New Client');\nnewClientFuncs.creatingNewClient(randomName, randomEmail, randomTelephone);\nnewClientFuncs.savingNewClient('Clients');\nclientFuncs.confirmingNewClient(randomName, randomEmail, randomTelephone);",
              "err": {},
              "uuid": "469ebeb7-3fc3-405e-b896-f85c9a7daebf",
              "parentUUID": "a41164a8-91bd-4ac4-83c6-925967508f84",
              "isHook": false,
              "skipped": false
            },
            {
              "title": "8.Edit last client",
              "fullTitle": "Test suit with Page-objects 8.Edit last client",
              "timedOut": null,
              "duration": 6198,
              "state": "passed",
              "speed": "slow",
              "pass": true,
              "fail": false,
              "pending": false,
              "context": null,
              "code": "dashboardFuncs.viewClients('Clients');\nclientFuncs.editLastClient(\"ID\");\neditClientsFuncs.editRoom(randomName, randomEmail, randomTelephone);\neditClientsFuncs.saveEditedClient('Clients');\nclientFuncs.verifyEditedClient(randomName, randomEmail, randomTelephone);",
              "err": {},
              "uuid": "03beba94-f976-40d2-a5ce-a2c9d0dcd499",
              "parentUUID": "a41164a8-91bd-4ac4-83c6-925967508f84",
              "isHook": false,
              "skipped": false
            },
            {
              "title": "9.Delete last client",
              "fullTitle": "Test suit with Page-objects 9.Delete last client",
              "timedOut": null,
              "duration": 3886,
              "state": "passed",
              "speed": "slow",
              "pass": true,
              "fail": false,
              "pending": false,
              "context": null,
              "code": "dashboardFuncs.viewClients('Clients');\nclientFuncs.deleteLastClient();",
              "err": {},
              "uuid": "99a126e2-c3dd-47f2-8cb1-b23384419ef0",
              "parentUUID": "a41164a8-91bd-4ac4-83c6-925967508f84",
              "isHook": false,
              "skipped": false
            },
            {
              "title": "10.View Bills and come back to the dashboard page",
              "fullTitle": "Test suit with Page-objects 10.View Bills and come back to the dashboard page",
              "timedOut": null,
              "duration": 3840,
              "state": "passed",
              "speed": "slow",
              "pass": true,
              "fail": false,
              "pending": false,
              "context": null,
              "code": "dashboardFuncs.viewBills(\"Bills\");\nbillsFuncs.backToDashboardFromBills(\"Tester Hotel Overview\");",
              "err": {},
              "uuid": "6f1cd31e-7ad2-44ba-97fe-9fc4bf4e5f38",
              "parentUUID": "a41164a8-91bd-4ac4-83c6-925967508f84",
              "isHook": false,
              "skipped": false
            }
          ],
          "suites": [],
          "passes": [
            "e3e73056-4cd2-4ffa-a0ba-957d28b396b2",
            "d0d7e57c-834c-4460-81a2-78f151c7a134",
            "f3c4ee3d-5b87-4d6f-a809-04068949e465",
            "b6885e40-93fb-490c-8bea-6969e37c4f1d",
            "eaf2a7b1-7f39-41d5-8c16-03447c0b6afe",
            "9dde39e0-380b-483f-9157-99334f3e09a1",
            "469ebeb7-3fc3-405e-b896-f85c9a7daebf",
            "03beba94-f976-40d2-a5ce-a2c9d0dcd499",
            "99a126e2-c3dd-47f2-8cb1-b23384419ef0",
            "6f1cd31e-7ad2-44ba-97fe-9fc4bf4e5f38"
          ],
          "failures": [],
          "pending": [],
          "skipped": [],
          "duration": 50002,
          "root": false,
          "rootEmpty": false,
          "_timeout": 2000
        }
      ],
      "passes": [],
      "failures": [],
      "pending": [],
      "skipped": [],
      "duration": 0,
      "root": true,
      "rootEmpty": true,
      "_timeout": 2000
    }
  ],
  "meta": {
    "mocha": {
      "version": "7.0.1"
    },
    "mochawesome": {
      "options": {
        "quiet": false,
        "reportFilename": "mochawesome",
        "saveHtml": false,
        "saveJson": true,
        "consoleReporter": "spec",
        "useInlineDiffs": false,
        "code": true
      },
      "version": "6.2.2"
    },
    "marge": {
      "options": {
        "reportDir": "cypress/results",
        "overwrite": "false",
        "html": "false",
        "json": "true"
      },
      "version": "5.2.0"
    }
  }
}