{
  "stats": {
    "suites": 1,
    "tests": 4,
    "passes": 4,
    "pending": 0,
    "failures": 0,
    "start": "2021-04-29T19:43:16.059Z",
    "end": "2021-04-29T19:43:32.822Z",
    "duration": 16763,
    "testsRegistered": 4,
    "passPercent": 100,
    "pendingPercent": 0,
    "other": 0,
    "hasOther": false,
    "skipped": 0,
    "hasSkipped": false
  },
  "results": [
    {
      "uuid": "6ccc670d-1d43-4591-b325-3da42e33909a",
      "title": "",
      "fullFile": "cypress/integration/test-suit-for-percey.spec.js",
      "file": "cypress/integration/test-suit-for-percey.spec.js",
      "beforeHooks": [],
      "afterHooks": [],
      "tests": [],
      "suites": [
        {
          "uuid": "74284306-500e-42f1-a15b-edf66e9c62db",
          "title": "Test suit with Page-objects",
          "fullFile": "",
          "file": "",
          "beforeHooks": [],
          "afterHooks": [],
          "tests": [
            {
              "title": "1.Perform a valid login",
              "fullTitle": "Test suit with Page-objects 1.Perform a valid login",
              "timedOut": null,
              "duration": 3352,
              "state": "passed",
              "speed": "slow",
              "pass": true,
              "fail": false,
              "pending": false,
              "context": null,
              "code": "dashboardFuncs.performLogout('Login'); //here at login-page\ncy.log('At Login-page.');\ncy.percySnapshot('Login-page');",
              "err": {},
              "uuid": "bbc10b1c-aef0-4485-bdc7-0c77ea45fb5c",
              "parentUUID": "74284306-500e-42f1-a15b-edf66e9c62db",
              "isHook": false,
              "skipped": false
            },
            {
              "title": "2.View rooms and come back to dashboard-page",
              "fullTitle": "Test suit with Page-objects 2.View rooms and come back to dashboard-page",
              "timedOut": null,
              "duration": 4513,
              "state": "passed",
              "speed": "slow",
              "pass": true,
              "fail": false,
              "pending": false,
              "context": null,
              "code": "cy.get(':nth-child(1) > .btn').click();\ncy.contains('Rooms'); //here at rooms-page\ncy.wait(500);\ncy.log('At Rooms page.');\ncy.percySnapshot('Rooms-page');\ncy.wait(500);\nroomsFuncs.backToDashboardFromRooms(\"Tester Hotel Overview\");\n/*here at dashboard-page again\ncy.wait(500)\ncy.log('At Dashboard page.')\ncy.percySnapshot('Dashboard-page')*/",
              "err": {},
              "uuid": "0eb602f8-9153-48b5-88d1-292c381abb26",
              "parentUUID": "74284306-500e-42f1-a15b-edf66e9c62db",
              "isHook": false,
              "skipped": false
            },
            {
              "title": "3.View Clients and come back to the dashboard page",
              "fullTitle": "Test suit with Page-objects 3.View Clients and come back to the dashboard page",
              "timedOut": null,
              "duration": 4453,
              "state": "passed",
              "speed": "slow",
              "pass": true,
              "fail": false,
              "pending": false,
              "context": null,
              "code": "dashboardFuncs.viewClients(\"Clients\"); //here at clients-page\ncy.wait(500);\ncy.log('At Clienta page.');\ncy.percySnapshot('Clients-page');\ncy.wait(500);\nclientFuncs.backToDashboardFromClients(\"Tester Hotel Overview\");",
              "err": {},
              "uuid": "fe2b50f3-6178-49b9-8482-0b64f94e255b",
              "parentUUID": "74284306-500e-42f1-a15b-edf66e9c62db",
              "isHook": false,
              "skipped": false
            },
            {
              "title": "4.View Bills and come back to the dashboard page",
              "fullTitle": "Test suit with Page-objects 4.View Bills and come back to the dashboard page",
              "timedOut": null,
              "duration": 4396,
              "state": "passed",
              "speed": "slow",
              "pass": true,
              "fail": false,
              "pending": false,
              "context": null,
              "code": "dashboardFuncs.viewBills(\"Bills\"); //here at bills-page\ncy.wait(500);\ncy.log('At Bills-page.');\ncy.percySnapshot('Bills-page');\ncy.wait(500);\nbillsFuncs.backToDashboardFromBills(\"Tester Hotel Overview\");",
              "err": {},
              "uuid": "97678437-fe9c-4cf5-b3ee-dd6b2150d4be",
              "parentUUID": "74284306-500e-42f1-a15b-edf66e9c62db",
              "isHook": false,
              "skipped": false
            }
          ],
          "suites": [],
          "passes": [
            "bbc10b1c-aef0-4485-bdc7-0c77ea45fb5c",
            "0eb602f8-9153-48b5-88d1-292c381abb26",
            "fe2b50f3-6178-49b9-8482-0b64f94e255b",
            "97678437-fe9c-4cf5-b3ee-dd6b2150d4be"
          ],
          "failures": [],
          "pending": [],
          "skipped": [],
          "duration": 16714,
          "root": false,
          "rootEmpty": false,
          "_timeout": 2000
        }
      ],
      "passes": [],
      "failures": [],
      "pending": [],
      "skipped": [],
      "duration": 0,
      "root": true,
      "rootEmpty": true,
      "_timeout": 2000
    }
  ],
  "meta": {
    "mocha": {
      "version": "7.0.1"
    },
    "mochawesome": {
      "options": {
        "quiet": false,
        "reportFilename": "mochawesome",
        "saveHtml": false,
        "saveJson": true,
        "consoleReporter": "spec",
        "useInlineDiffs": false,
        "code": true
      },
      "version": "6.2.2"
    },
    "marge": {
      "options": {
        "reportDir": "cypress/results",
        "overwrite": "false",
        "html": "false",
        "json": "true"
      },
      "version": "5.2.0"
    }
  }
}