{
  "stats": {
    "suites": 1,
    "tests": 10,
    "passes": 10,
    "pending": 0,
    "failures": 0,
    "start": "2021-04-27T17:54:01.808Z",
    "end": "2021-04-27T17:54:53.775Z",
    "duration": 51967,
    "testsRegistered": 10,
    "passPercent": 100,
    "pendingPercent": 0,
    "other": 0,
    "hasOther": false,
    "skipped": 0,
    "hasSkipped": false
  },
  "results": [
    {
      "uuid": "f78f6dff-d40a-4f6e-a37f-94eec8eeeae3",
      "title": "",
      "fullFile": "cypress/integration/test-suit-with-po.spec.js",
      "file": "cypress/integration/test-suit-with-po.spec.js",
      "beforeHooks": [],
      "afterHooks": [],
      "tests": [],
      "suites": [
        {
          "uuid": "65440d50-5e51-4968-b152-fb0e1930ac64",
          "title": "Test suit with Page-objects",
          "fullFile": "",
          "file": "",
          "beforeHooks": [],
          "afterHooks": [],
          "tests": [
            {
              "title": "1.Perform a valid login",
              "fullTitle": "Test suit with Page-objects 1.Perform a valid login",
              "timedOut": null,
              "duration": 4119,
              "state": "passed",
              "speed": "slow",
              "pass": true,
              "fail": false,
              "pending": false,
              "context": null,
              "code": "//cy.visit('http://localhost:3000')  \n//loginFuncs.checkLoginPageTitle\n//loginFuncs.performValidLogin('tester01', 'GteteqbQQgSr88SwNExUQv2ydb7xuf8c','Welcome')\ndashboardFuncs.performLogout('Login');",
              "err": {},
              "uuid": "5be68cee-f042-417d-928f-e056b60824c1",
              "parentUUID": "65440d50-5e51-4968-b152-fb0e1930ac64",
              "isHook": false,
              "skipped": false
            },
            {
              "title": "2.View rooms and come back to dashboard-page",
              "fullTitle": "Test suit with Page-objects 2.View rooms and come back to dashboard-page",
              "timedOut": null,
              "duration": 6099,
              "state": "passed",
              "speed": "slow",
              "pass": true,
              "fail": false,
              "pending": false,
              "context": null,
              "code": "dashboardFuncs.viewRooms(\"Rooms\");\ncy.wait(500);\ncy.log('At Rooms page.');\ncy.percySnapshot('Rooms-page');\nroomsFuncs.backToDashboardFromRooms(\"Tester Hotel Overview\");\ncy.wait(500);\ncy.log('At Dashboard page.');\ncy.percySnapshot('Dashboard-page');",
              "err": {},
              "uuid": "0fce5fdb-9ad5-4585-926c-73465763530f",
              "parentUUID": "65440d50-5e51-4968-b152-fb0e1930ac64",
              "isHook": false,
              "skipped": false
            },
            {
              "title": "3.Create a new room",
              "fullTitle": "Test suit with Page-objects 3.Create a new room",
              "timedOut": null,
              "duration": 6196,
              "state": "passed",
              "speed": "slow",
              "pass": true,
              "fail": false,
              "pending": false,
              "context": null,
              "code": "dashboardFuncs.viewRooms(\"Rooms\");\nroomsFuncs.createRoom(\"New Room\");\nnewRoomsFuncs.createANewRoom('double', randomRoom, randomFloor, randomAvailability, randomPrice, 'balcony');\nnewRoomsFuncs.saveANewRoom('Rooms');\nroomsFuncs.verifyNewRoom('double', randomRoom, randomFloor, randomAvailability, randomPrice, 'balcony');",
              "err": {},
              "uuid": "55ee93f7-5bc3-4c83-9573-1531f35f6c16",
              "parentUUID": "65440d50-5e51-4968-b152-fb0e1930ac64",
              "isHook": false,
              "skipped": false
            },
            {
              "title": "4.Edit last room",
              "fullTitle": "Test suit with Page-objects 4.Edit last room",
              "timedOut": null,
              "duration": 5944,
              "state": "passed",
              "speed": "slow",
              "pass": true,
              "fail": false,
              "pending": false,
              "context": null,
              "code": "dashboardFuncs.viewRooms(\"Rooms\");\nroomsFuncs.openFreeDottsAndEdit(\"ID\");\neditRoomFuncs.editRoom('double', randomRoom, randomFloor, randomAvailability, randomPrice, ['balcony', 'sea_view']);\neditRoomFuncs.saveEditedRoom('Rooms');\nroomsFuncs.verifyEditedRoom('double', randomRoom, randomFloor, randomAvailability, randomPrice, ['balcony', 'sea_view']);",
              "err": {},
              "uuid": "43619289-ffeb-48ee-8ce8-a0b3a14427fe",
              "parentUUID": "65440d50-5e51-4968-b152-fb0e1930ac64",
              "isHook": false,
              "skipped": false
            },
            {
              "title": "5.Delete last room",
              "fullTitle": "Test suit with Page-objects 5.Delete last room",
              "timedOut": null,
              "duration": 4366,
              "state": "passed",
              "speed": "slow",
              "pass": true,
              "fail": false,
              "pending": false,
              "context": null,
              "code": "dashboardFuncs.viewRooms(\"Rooms\");\nroomsFuncs.openFreeDottsAndDelete();",
              "err": {},
              "uuid": "64fbc71d-6997-432a-9dc4-64311186de57",
              "parentUUID": "65440d50-5e51-4968-b152-fb0e1930ac64",
              "isHook": false,
              "skipped": false
            },
            {
              "title": "6.View Clients and come back to the dashboard page",
              "fullTitle": "Test suit with Page-objects 6.View Clients and come back to the dashboard page",
              "timedOut": null,
              "duration": 4243,
              "state": "passed",
              "speed": "slow",
              "pass": true,
              "fail": false,
              "pending": false,
              "context": null,
              "code": "dashboardFuncs.viewClients(\"Clients\");\nclientFuncs.backToDashboardFromClients(\"Tester Hotel Overview\");",
              "err": {},
              "uuid": "85f61205-af29-4798-8163-a5ea1953937c",
              "parentUUID": "65440d50-5e51-4968-b152-fb0e1930ac64",
              "isHook": false,
              "skipped": false
            },
            {
              "title": "7.Create new client",
              "fullTitle": "Test suit with Page-objects 7.Create new client",
              "timedOut": null,
              "duration": 6036,
              "state": "passed",
              "speed": "slow",
              "pass": true,
              "fail": false,
              "pending": false,
              "context": null,
              "code": "dashboardFuncs.viewClients('Clients');\nclientFuncs.createNewClient('New Client');\nnewClientFuncs.creatingNewClient(randomName, randomEmail, randomTelephone);\nnewClientFuncs.savingNewClient('Clients');\nclientFuncs.confirmingNewClient(randomName, randomEmail, randomTelephone);",
              "err": {},
              "uuid": "396bc2ed-35a8-4af6-8594-65e846c7ef9f",
              "parentUUID": "65440d50-5e51-4968-b152-fb0e1930ac64",
              "isHook": false,
              "skipped": false
            },
            {
              "title": "8.Edit last client",
              "fullTitle": "Test suit with Page-objects 8.Edit last client",
              "timedOut": null,
              "duration": 6335,
              "state": "passed",
              "speed": "slow",
              "pass": true,
              "fail": false,
              "pending": false,
              "context": null,
              "code": "dashboardFuncs.viewClients('Clients');\nclientFuncs.editLastClient(\"ID\");\neditClientsFuncs.editRoom(randomName, randomEmail, randomTelephone);\neditClientsFuncs.saveEditedClient('Clients');\nclientFuncs.verifyEditedClient(randomName, randomEmail, randomTelephone);",
              "err": {},
              "uuid": "1a6d833e-5303-474a-a00e-40fbfaea94b1",
              "parentUUID": "65440d50-5e51-4968-b152-fb0e1930ac64",
              "isHook": false,
              "skipped": false
            },
            {
              "title": "9.Delete last client",
              "fullTitle": "Test suit with Page-objects 9.Delete last client",
              "timedOut": null,
              "duration": 4285,
              "state": "passed",
              "speed": "slow",
              "pass": true,
              "fail": false,
              "pending": false,
              "context": null,
              "code": "dashboardFuncs.viewClients('Clients');\nclientFuncs.deleteLastClient();",
              "err": {},
              "uuid": "2f5de288-b3bf-4acd-a9f9-b734e82df037",
              "parentUUID": "65440d50-5e51-4968-b152-fb0e1930ac64",
              "isHook": false,
              "skipped": false
            },
            {
              "title": "10.View Bills and come back to the dashboard page",
              "fullTitle": "Test suit with Page-objects 10.View Bills and come back to the dashboard page",
              "timedOut": null,
              "duration": 4235,
              "state": "passed",
              "speed": "slow",
              "pass": true,
              "fail": false,
              "pending": false,
              "context": null,
              "code": "dashboardFuncs.viewBills(\"Bills\");\nbillsFuncs.backToDashboardFromBills(\"Tester Hotel Overview\");",
              "err": {},
              "uuid": "7af3d771-a7f7-42e2-bd55-3131b7f166ac",
              "parentUUID": "65440d50-5e51-4968-b152-fb0e1930ac64",
              "isHook": false,
              "skipped": false
            }
          ],
          "suites": [],
          "passes": [
            "5be68cee-f042-417d-928f-e056b60824c1",
            "0fce5fdb-9ad5-4585-926c-73465763530f",
            "55ee93f7-5bc3-4c83-9573-1531f35f6c16",
            "43619289-ffeb-48ee-8ce8-a0b3a14427fe",
            "64fbc71d-6997-432a-9dc4-64311186de57",
            "85f61205-af29-4798-8163-a5ea1953937c",
            "396bc2ed-35a8-4af6-8594-65e846c7ef9f",
            "1a6d833e-5303-474a-a00e-40fbfaea94b1",
            "2f5de288-b3bf-4acd-a9f9-b734e82df037",
            "7af3d771-a7f7-42e2-bd55-3131b7f166ac"
          ],
          "failures": [],
          "pending": [],
          "skipped": [],
          "duration": 51858,
          "root": false,
          "rootEmpty": false,
          "_timeout": 2000
        }
      ],
      "passes": [],
      "failures": [],
      "pending": [],
      "skipped": [],
      "duration": 0,
      "root": true,
      "rootEmpty": true,
      "_timeout": 2000
    }
  ],
  "meta": {
    "mocha": {
      "version": "7.0.1"
    },
    "mochawesome": {
      "options": {
        "quiet": false,
        "reportFilename": "mochawesome",
        "saveHtml": false,
        "saveJson": true,
        "consoleReporter": "spec",
        "useInlineDiffs": false,
        "code": true
      },
      "version": "6.2.2"
    },
    "marge": {
      "options": {
        "reportDir": "cypress/results",
        "overwrite": "false",
        "html": "false",
        "json": "true"
      },
      "version": "5.2.0"
    }
  }
}