{
  "stats": {
    "suites": 1,
    "tests": 4,
    "passes": 4,
    "pending": 0,
    "failures": 0,
    "start": "2021-04-30T09:03:32.721Z",
    "end": "2021-04-30T09:03:50.879Z",
    "duration": 18158,
    "testsRegistered": 4,
    "passPercent": 100,
    "pendingPercent": 0,
    "other": 0,
    "hasOther": false,
    "skipped": 0,
    "hasSkipped": false
  },
  "results": [
    {
      "uuid": "6ed3678a-f81a-4c9c-abd2-8c7352ee58fe",
      "title": "",
      "fullFile": "cypress/integration/test-suit-for-percey.spec.js",
      "file": "cypress/integration/test-suit-for-percey.spec.js",
      "beforeHooks": [],
      "afterHooks": [],
      "tests": [],
      "suites": [
        {
          "uuid": "119553cf-bcaf-4a05-917c-b0797a2d09d2",
          "title": "Test suit with Page-objects",
          "fullFile": "",
          "file": "",
          "beforeHooks": [],
          "afterHooks": [],
          "tests": [
            {
              "title": "1.Perform a valid login",
              "fullTitle": "Test suit with Page-objects 1.Perform a valid login",
              "timedOut": null,
              "duration": 3907,
              "state": "passed",
              "speed": "slow",
              "pass": true,
              "fail": false,
              "pending": false,
              "context": null,
              "code": "dashboardFuncs.performLogout('Login'); //here at login-page\ncy.log('At Login-page.');\ncy.percySnapshot('Login-page');",
              "err": {},
              "uuid": "eb7db591-aa0e-4562-bdde-9f1353aa0c90",
              "parentUUID": "119553cf-bcaf-4a05-917c-b0797a2d09d2",
              "isHook": false,
              "skipped": false
            },
            {
              "title": "2.View rooms and come back to dashboard-page",
              "fullTitle": "Test suit with Page-objects 2.View rooms and come back to dashboard-page",
              "timedOut": null,
              "duration": 4819,
              "state": "passed",
              "speed": "slow",
              "pass": true,
              "fail": false,
              "pending": false,
              "context": null,
              "code": "cy.get(':nth-child(1) > .btn').click();\ncy.contains('Rooms'); //here at rooms-page\ncy.wait(500);\ncy.log('At Rooms page.');\ncy.percySnapshot('Rooms-page');\ncy.wait(500);\nroomsFuncs.backToDashboardFromRooms(\"Tester Hotel Overview\");\n/*here at dashboard-page again\ncy.wait(500)\ncy.log('At Dashboard page.')\ncy.percySnapshot('Dashboard-page')*/",
              "err": {},
              "uuid": "84cea8da-68a8-4c38-a3a4-df6ef33fdbb4",
              "parentUUID": "119553cf-bcaf-4a05-917c-b0797a2d09d2",
              "isHook": false,
              "skipped": false
            },
            {
              "title": "3.View Clients and come back to the dashboard page",
              "fullTitle": "Test suit with Page-objects 3.View Clients and come back to the dashboard page",
              "timedOut": null,
              "duration": 4698,
              "state": "passed",
              "speed": "slow",
              "pass": true,
              "fail": false,
              "pending": false,
              "context": null,
              "code": "dashboardFuncs.viewClients(\"Clients\"); //here at clients-page\ncy.wait(500);\ncy.log('At Clienta page.');\ncy.percySnapshot('Clients-page');\ncy.wait(500);\nclientFuncs.backToDashboardFromClients(\"Tester Hotel Overview\");",
              "err": {},
              "uuid": "9fb393e2-bb63-443c-90e5-ffc233845262",
              "parentUUID": "119553cf-bcaf-4a05-917c-b0797a2d09d2",
              "isHook": false,
              "skipped": false
            },
            {
              "title": "4.View Bills and come back to the dashboard page",
              "fullTitle": "Test suit with Page-objects 4.View Bills and come back to the dashboard page",
              "timedOut": null,
              "duration": 4672,
              "state": "passed",
              "speed": "slow",
              "pass": true,
              "fail": false,
              "pending": false,
              "context": null,
              "code": "dashboardFuncs.viewBills(\"Bills\"); //here at bills-page\ncy.wait(500);\ncy.log('At Bills-page.');\ncy.percySnapshot('Bills-page');\ncy.wait(500);\nbillsFuncs.backToDashboardFromBills(\"Tester Hotel Overview\");",
              "err": {},
              "uuid": "9012c80b-bf7b-4e05-a5aa-98fcbf219e30",
              "parentUUID": "119553cf-bcaf-4a05-917c-b0797a2d09d2",
              "isHook": false,
              "skipped": false
            }
          ],
          "suites": [],
          "passes": [
            "eb7db591-aa0e-4562-bdde-9f1353aa0c90",
            "84cea8da-68a8-4c38-a3a4-df6ef33fdbb4",
            "9fb393e2-bb63-443c-90e5-ffc233845262",
            "9012c80b-bf7b-4e05-a5aa-98fcbf219e30"
          ],
          "failures": [],
          "pending": [],
          "skipped": [],
          "duration": 18096,
          "root": false,
          "rootEmpty": false,
          "_timeout": 2000
        }
      ],
      "passes": [],
      "failures": [],
      "pending": [],
      "skipped": [],
      "duration": 0,
      "root": true,
      "rootEmpty": true,
      "_timeout": 2000
    }
  ],
  "meta": {
    "mocha": {
      "version": "7.0.1"
    },
    "mochawesome": {
      "options": {
        "quiet": false,
        "reportFilename": "mochawesome",
        "saveHtml": false,
        "saveJson": true,
        "consoleReporter": "spec",
        "useInlineDiffs": false,
        "code": true
      },
      "version": "6.2.2"
    },
    "marge": {
      "options": {
        "reportDir": "cypress/results",
        "overwrite": "false",
        "html": "false",
        "json": "true"
      },
      "version": "5.2.0"
    }
  }
}