{
  "stats": {
    "suites": 1,
    "tests": 10,
    "passes": 10,
    "pending": 0,
    "failures": 0,
    "start": "2021-04-30T09:04:10.770Z",
    "end": "2021-04-30T09:04:59.848Z",
    "duration": 49078,
    "testsRegistered": 10,
    "passPercent": 100,
    "pendingPercent": 0,
    "other": 0,
    "hasOther": false,
    "skipped": 0,
    "hasSkipped": false
  },
  "results": [
    {
      "uuid": "23be0fe1-87a4-4029-84eb-2594ef85adb5",
      "title": "",
      "fullFile": "cypress/integration/test-suit-with-po.spec.js",
      "file": "cypress/integration/test-suit-with-po.spec.js",
      "beforeHooks": [],
      "afterHooks": [],
      "tests": [],
      "suites": [
        {
          "uuid": "78f9a5b5-f347-4688-bed9-a1d382046292",
          "title": "Test suit with Page-objects",
          "fullFile": "",
          "file": "",
          "beforeHooks": [],
          "afterHooks": [],
          "tests": [
            {
              "title": "1.Perform a valid login",
              "fullTitle": "Test suit with Page-objects 1.Perform a valid login",
              "timedOut": null,
              "duration": 3562,
              "state": "passed",
              "speed": "slow",
              "pass": true,
              "fail": false,
              "pending": false,
              "context": null,
              "code": "//cy.visit('http://localhost:3000')  \n//loginFuncs.checkLoginPageTitle\n//loginFuncs.performValidLogin('tester01', 'GteteqbQQgSr88SwNExUQv2ydb7xuf8c','Welcome')\ndashboardFuncs.performLogout('Login');",
              "err": {},
              "uuid": "eb088489-f1ce-43e6-8d62-41e43e9661b7",
              "parentUUID": "78f9a5b5-f347-4688-bed9-a1d382046292",
              "isHook": false,
              "skipped": false
            },
            {
              "title": "2.View rooms and come back to dashboard-page",
              "fullTitle": "Test suit with Page-objects 2.View rooms and come back to dashboard-page",
              "timedOut": null,
              "duration": 4483,
              "state": "passed",
              "speed": "slow",
              "pass": true,
              "fail": false,
              "pending": false,
              "context": null,
              "code": "dashboardFuncs.viewRooms(\"Rooms\");\nroomsFuncs.backToDashboardFromRooms(\"Tester Hotel Overview\");",
              "err": {},
              "uuid": "1e05a1c6-bc24-48dd-a930-28fd07f097cd",
              "parentUUID": "78f9a5b5-f347-4688-bed9-a1d382046292",
              "isHook": false,
              "skipped": false
            },
            {
              "title": "3.Create a new room",
              "fullTitle": "Test suit with Page-objects 3.Create a new room",
              "timedOut": null,
              "duration": 6302,
              "state": "passed",
              "speed": "slow",
              "pass": true,
              "fail": false,
              "pending": false,
              "context": null,
              "code": "dashboardFuncs.viewRooms(\"Rooms\");\nroomsFuncs.createRoom(\"New Room\");\nnewRoomsFuncs.createANewRoom('double', randomRoom, randomFloor, randomAvailability, randomPrice, 'balcony');\nnewRoomsFuncs.saveANewRoom('Rooms');\nroomsFuncs.verifyNewRoom('double', randomRoom, randomFloor, randomAvailability, randomPrice, 'balcony');",
              "err": {},
              "uuid": "a5858b4c-95cf-4f10-b10c-01e899bbf53c",
              "parentUUID": "78f9a5b5-f347-4688-bed9-a1d382046292",
              "isHook": false,
              "skipped": false
            },
            {
              "title": "4.Edit last room",
              "fullTitle": "Test suit with Page-objects 4.Edit last room",
              "timedOut": null,
              "duration": 5598,
              "state": "passed",
              "speed": "slow",
              "pass": true,
              "fail": false,
              "pending": false,
              "context": null,
              "code": "dashboardFuncs.viewRooms(\"Rooms\");\nroomsFuncs.openFreeDottsAndEdit(\"ID\");\neditRoomFuncs.editRoom('double', randomRoom, randomFloor, randomAvailability, randomPrice, ['balcony', 'sea_view']);\neditRoomFuncs.saveEditedRoom('Rooms');\nroomsFuncs.verifyEditedRoom('double', randomRoom, randomFloor, randomAvailability, randomPrice, ['balcony', 'sea_view']);",
              "err": {},
              "uuid": "2a690358-0aa9-4d56-8bb5-e1726d3ebf40",
              "parentUUID": "78f9a5b5-f347-4688-bed9-a1d382046292",
              "isHook": false,
              "skipped": false
            },
            {
              "title": "5.Delete last room",
              "fullTitle": "Test suit with Page-objects 5.Delete last room",
              "timedOut": null,
              "duration": 4138,
              "state": "passed",
              "speed": "slow",
              "pass": true,
              "fail": false,
              "pending": false,
              "context": null,
              "code": "dashboardFuncs.viewRooms(\"Rooms\");\nroomsFuncs.openFreeDottsAndDelete();",
              "err": {},
              "uuid": "0999a366-39a2-42de-9861-24014f15d6c6",
              "parentUUID": "78f9a5b5-f347-4688-bed9-a1d382046292",
              "isHook": false,
              "skipped": false
            },
            {
              "title": "6.View Clients and come back to the dashboard page",
              "fullTitle": "Test suit with Page-objects 6.View Clients and come back to the dashboard page",
              "timedOut": null,
              "duration": 4080,
              "state": "passed",
              "speed": "slow",
              "pass": true,
              "fail": false,
              "pending": false,
              "context": null,
              "code": "dashboardFuncs.viewClients(\"Clients\");\nclientFuncs.backToDashboardFromClients(\"Tester Hotel Overview\");",
              "err": {},
              "uuid": "ced18621-c2d6-4527-9444-9da2456cee1a",
              "parentUUID": "78f9a5b5-f347-4688-bed9-a1d382046292",
              "isHook": false,
              "skipped": false
            },
            {
              "title": "7.Create new client",
              "fullTitle": "Test suit with Page-objects 7.Create new client",
              "timedOut": null,
              "duration": 6430,
              "state": "passed",
              "speed": "slow",
              "pass": true,
              "fail": false,
              "pending": false,
              "context": null,
              "code": "dashboardFuncs.viewClients('Clients');\nclientFuncs.createNewClient('New Client');\nnewClientFuncs.creatingNewClient(randomName, randomEmail, randomTelephone);\nnewClientFuncs.savingNewClient('Clients');\nclientFuncs.confirmingNewClient(randomName, randomEmail, randomTelephone);",
              "err": {},
              "uuid": "85577f2e-98a7-43af-9f86-6228635b609e",
              "parentUUID": "78f9a5b5-f347-4688-bed9-a1d382046292",
              "isHook": false,
              "skipped": false
            },
            {
              "title": "8.Edit last client",
              "fullTitle": "Test suit with Page-objects 8.Edit last client",
              "timedOut": null,
              "duration": 6592,
              "state": "passed",
              "speed": "slow",
              "pass": true,
              "fail": false,
              "pending": false,
              "context": null,
              "code": "dashboardFuncs.viewClients('Clients');\nclientFuncs.editLastClient(\"ID\");\neditClientsFuncs.editRoom(randomName, randomEmail, randomTelephone);\neditClientsFuncs.saveEditedClient('Clients');\nclientFuncs.verifyEditedClient(randomName, randomEmail, randomTelephone);",
              "err": {},
              "uuid": "5f2f8005-ccf3-4c31-8887-4fa2ab7ad448",
              "parentUUID": "78f9a5b5-f347-4688-bed9-a1d382046292",
              "isHook": false,
              "skipped": false
            },
            {
              "title": "9.Delete last client",
              "fullTitle": "Test suit with Page-objects 9.Delete last client",
              "timedOut": null,
              "duration": 4019,
              "state": "passed",
              "speed": "slow",
              "pass": true,
              "fail": false,
              "pending": false,
              "context": null,
              "code": "dashboardFuncs.viewClients('Clients');\nclientFuncs.deleteLastClient();",
              "err": {},
              "uuid": "44d30de4-f501-4e80-afea-7108533ac036",
              "parentUUID": "78f9a5b5-f347-4688-bed9-a1d382046292",
              "isHook": false,
              "skipped": false
            },
            {
              "title": "10.View Bills and come back to the dashboard page",
              "fullTitle": "Test suit with Page-objects 10.View Bills and come back to the dashboard page",
              "timedOut": null,
              "duration": 3621,
              "state": "passed",
              "speed": "slow",
              "pass": true,
              "fail": false,
              "pending": false,
              "context": null,
              "code": "dashboardFuncs.viewBills(\"Bills\");\nbillsFuncs.backToDashboardFromBills(\"Tester Hotel Overview\");",
              "err": {},
              "uuid": "cf23effe-1a1e-48fb-88db-4650ddc4933a",
              "parentUUID": "78f9a5b5-f347-4688-bed9-a1d382046292",
              "isHook": false,
              "skipped": false
            }
          ],
          "suites": [],
          "passes": [
            "eb088489-f1ce-43e6-8d62-41e43e9661b7",
            "1e05a1c6-bc24-48dd-a930-28fd07f097cd",
            "a5858b4c-95cf-4f10-b10c-01e899bbf53c",
            "2a690358-0aa9-4d56-8bb5-e1726d3ebf40",
            "0999a366-39a2-42de-9861-24014f15d6c6",
            "ced18621-c2d6-4527-9444-9da2456cee1a",
            "85577f2e-98a7-43af-9f86-6228635b609e",
            "5f2f8005-ccf3-4c31-8887-4fa2ab7ad448",
            "44d30de4-f501-4e80-afea-7108533ac036",
            "cf23effe-1a1e-48fb-88db-4650ddc4933a"
          ],
          "failures": [],
          "pending": [],
          "skipped": [],
          "duration": 48825,
          "root": false,
          "rootEmpty": false,
          "_timeout": 2000
        }
      ],
      "passes": [],
      "failures": [],
      "pending": [],
      "skipped": [],
      "duration": 0,
      "root": true,
      "rootEmpty": true,
      "_timeout": 2000
    }
  ],
  "meta": {
    "mocha": {
      "version": "7.0.1"
    },
    "mochawesome": {
      "options": {
        "quiet": false,
        "reportFilename": "mochawesome",
        "saveHtml": false,
        "saveJson": true,
        "consoleReporter": "spec",
        "useInlineDiffs": false,
        "code": true
      },
      "version": "6.2.2"
    },
    "marge": {
      "options": {
        "reportDir": "cypress/results",
        "overwrite": "false",
        "html": "false",
        "json": "true"
      },
      "version": "5.2.0"
    }
  }
}