{
  "stats": {
    "suites": 1,
    "tests": 10,
    "passes": 10,
    "pending": 0,
    "failures": 0,
    "start": "2021-05-25T10:38:59.907Z",
    "end": "2021-05-25T10:39:09.404Z",
    "duration": 9497,
    "testsRegistered": 10,
    "passPercent": 100,
    "pendingPercent": 0,
    "other": 0,
    "hasOther": false,
    "skipped": 0,
    "hasSkipped": false
  },
  "results": [
    {
      "uuid": "16339d9d-d573-4728-b8d1-b9aab8f6996f",
      "title": "",
      "fullFile": "cypress/integration/back-end-tests.spec.js",
      "file": "cypress/integration/back-end-tests.spec.js",
      "beforeHooks": [],
      "afterHooks": [],
      "tests": [],
      "suites": [
        {
          "uuid": "b18f91b0-f43c-44f6-b613-62f85bcf9cc1",
          "title": "Test suit",
          "fullFile": "",
          "file": "",
          "beforeHooks": [],
          "afterHooks": [],
          "tests": [
            {
              "title": "1.Login/logout endpoint",
              "fullTitle": "Test suit 1.Login/logout endpoint",
              "timedOut": null,
              "duration": 957,
              "state": "passed",
              "speed": "slow",
              "pass": true,
              "fail": false,
              "pending": false,
              "context": null,
              "code": "cy.authenticate().then(cy.logout);",
              "err": {},
              "uuid": "67e01efc-083d-456f-90f7-b7208f7c5455",
              "parentUUID": "b18f91b0-f43c-44f6-b613-62f85bcf9cc1",
              "isHook": false,
              "skipped": false
            },
            {
              "title": "2.View the rooms and logout endpoint",
              "fullTitle": "Test suit 2.View the rooms and logout endpoint",
              "timedOut": null,
              "duration": 657,
              "state": "passed",
              "speed": "slow",
              "pass": true,
              "fail": false,
              "pending": false,
              "context": null,
              "code": "cy.authenticate().then(cy.rooms).then(cy.logout);",
              "err": {},
              "uuid": "46446214-d01b-443f-a382-fb41918df9e0",
              "parentUUID": "b18f91b0-f43c-44f6-b613-62f85bcf9cc1",
              "isHook": false,
              "skipped": false
            },
            {
              "title": "3.Create a room endpoint",
              "fullTitle": "Test suit 3.Create a room endpoint",
              "timedOut": null,
              "duration": 670,
              "state": "passed",
              "speed": "slow",
              "pass": true,
              "fail": false,
              "pending": false,
              "context": null,
              "code": "cy.authenticate().then(cy.create_a_room).then(cy.logout);",
              "err": {},
              "uuid": "015e6e26-7bd2-422b-9513-d1293bc34448",
              "parentUUID": "b18f91b0-f43c-44f6-b613-62f85bcf9cc1",
              "isHook": false,
              "skipped": false
            },
            {
              "title": "4.Edit a room endpoint",
              "fullTitle": "Test suit 4.Edit a room endpoint",
              "timedOut": null,
              "duration": 1274,
              "state": "passed",
              "speed": "slow",
              "pass": true,
              "fail": false,
              "pending": false,
              "context": null,
              "code": "cy.authenticate().then(cy.edit_a_room).then(cy.logout);",
              "err": {},
              "uuid": "79c0e191-07c2-4727-9a7c-1c4697f59f82",
              "parentUUID": "b18f91b0-f43c-44f6-b613-62f85bcf9cc1",
              "isHook": false,
              "skipped": false
            },
            {
              "title": "5.Delete a room endpoint",
              "fullTitle": "Test suit 5.Delete a room endpoint",
              "timedOut": null,
              "duration": 1161,
              "state": "passed",
              "speed": "slow",
              "pass": true,
              "fail": false,
              "pending": false,
              "context": null,
              "code": "cy.authenticate().then(cy.edit_a_room).then(cy.logout);",
              "err": {},
              "uuid": "cabbaa89-f53d-4932-a40f-b0933ef3eeee",
              "parentUUID": "b18f91b0-f43c-44f6-b613-62f85bcf9cc1",
              "isHook": false,
              "skipped": false
            },
            {
              "title": "6.View the clients endpoint",
              "fullTitle": "Test suit 6.View the clients endpoint",
              "timedOut": null,
              "duration": 750,
              "state": "passed",
              "speed": "slow",
              "pass": true,
              "fail": false,
              "pending": false,
              "context": null,
              "code": "cy.authenticate().then(cy.clients).then(cy.logout);",
              "err": {},
              "uuid": "692ef27a-f025-40a7-88c2-f765f16e6c76",
              "parentUUID": "b18f91b0-f43c-44f6-b613-62f85bcf9cc1",
              "isHook": false,
              "skipped": false
            },
            {
              "title": "7.Create a new client endpoint",
              "fullTitle": "Test suit 7.Create a new client endpoint",
              "timedOut": null,
              "duration": 646,
              "state": "passed",
              "speed": "slow",
              "pass": true,
              "fail": false,
              "pending": false,
              "context": null,
              "code": "cy.authenticate().then(cy.create_a_client).then(cy.logout);",
              "err": {},
              "uuid": "97e82ca9-a8a3-4bb8-9556-b9a62db460f4",
              "parentUUID": "b18f91b0-f43c-44f6-b613-62f85bcf9cc1",
              "isHook": false,
              "skipped": false
            },
            {
              "title": "8.Edit the client endpoint",
              "fullTitle": "Test suit 8.Edit the client endpoint",
              "timedOut": null,
              "duration": 1255,
              "state": "passed",
              "speed": "slow",
              "pass": true,
              "fail": false,
              "pending": false,
              "context": null,
              "code": "cy.authenticate().then(cy.edit_a_client).then(cy.logout);",
              "err": {},
              "uuid": "7fb9d73d-7664-4f70-95a9-8641026abe0a",
              "parentUUID": "b18f91b0-f43c-44f6-b613-62f85bcf9cc1",
              "isHook": false,
              "skipped": false
            },
            {
              "title": "9.Delete the client endpoint",
              "fullTitle": "Test suit 9.Delete the client endpoint",
              "timedOut": null,
              "duration": 1283,
              "state": "passed",
              "speed": "slow",
              "pass": true,
              "fail": false,
              "pending": false,
              "context": null,
              "code": "cy.authenticate().then(cy.delete_a_client).then(cy.logout);",
              "err": {},
              "uuid": "213214f2-41cd-4d97-a41c-211feb2e036e",
              "parentUUID": "b18f91b0-f43c-44f6-b613-62f85bcf9cc1",
              "isHook": false,
              "skipped": false
            },
            {
              "title": "10.View the bills endpoint",
              "fullTitle": "Test suit 10.View the bills endpoint",
              "timedOut": null,
              "duration": 707,
              "state": "passed",
              "speed": "slow",
              "pass": true,
              "fail": false,
              "pending": false,
              "context": null,
              "code": "cy.authenticate().then(cy.bills).then(cy.logout);",
              "err": {},
              "uuid": "cd529908-9fbe-4445-8632-637c07461dbb",
              "parentUUID": "b18f91b0-f43c-44f6-b613-62f85bcf9cc1",
              "isHook": false,
              "skipped": false
            }
          ],
          "suites": [],
          "passes": [
            "67e01efc-083d-456f-90f7-b7208f7c5455",
            "46446214-d01b-443f-a382-fb41918df9e0",
            "015e6e26-7bd2-422b-9513-d1293bc34448",
            "79c0e191-07c2-4727-9a7c-1c4697f59f82",
            "cabbaa89-f53d-4932-a40f-b0933ef3eeee",
            "692ef27a-f025-40a7-88c2-f765f16e6c76",
            "97e82ca9-a8a3-4bb8-9556-b9a62db460f4",
            "7fb9d73d-7664-4f70-95a9-8641026abe0a",
            "213214f2-41cd-4d97-a41c-211feb2e036e",
            "cd529908-9fbe-4445-8632-637c07461dbb"
          ],
          "failures": [],
          "pending": [],
          "skipped": [],
          "duration": 9360,
          "root": false,
          "rootEmpty": false,
          "_timeout": 2000
        }
      ],
      "passes": [],
      "failures": [],
      "pending": [],
      "skipped": [],
      "duration": 0,
      "root": true,
      "rootEmpty": true,
      "_timeout": 2000
    }
  ],
  "meta": {
    "mocha": {
      "version": "7.0.1"
    },
    "mochawesome": {
      "options": {
        "quiet": false,
        "reportFilename": "mochawesome",
        "saveHtml": true,
        "saveJson": true,
        "consoleReporter": "spec",
        "useInlineDiffs": false,
        "code": true
      },
      "version": "6.2.2"
    },
    "marge": {
      "options": {
        "reportDir": "cypress/results",
        "overwrite": "true",
        "html": "true",
        "json": "true"
      },
      "version": "5.2.0"
    }
  }
}