{
  "stats": {
    "suites": 1,
    "tests": 10,
    "passes": 10,
    "pending": 0,
    "failures": 0,
    "start": "2021-05-26T07:09:44.806Z",
    "end": "2021-05-26T07:09:58.050Z",
    "duration": 13244,
    "testsRegistered": 10,
    "passPercent": 100,
    "pendingPercent": 0,
    "other": 0,
    "hasOther": false,
    "skipped": 0,
    "hasSkipped": false
  },
  "results": [
    {
      "uuid": "4d5ee0cf-5b01-405a-b706-5367c8829a4c",
      "title": "",
      "fullFile": "cypress/integration/back-end.spec.js",
      "file": "cypress/integration/back-end.spec.js",
      "beforeHooks": [],
      "afterHooks": [],
      "tests": [],
      "suites": [
        {
          "uuid": "2bb112a5-7879-47be-8da7-02f8e02a2c30",
          "title": "Test suite",
          "fullFile": "",
          "file": "",
          "beforeHooks": [],
          "afterHooks": [],
          "tests": [
            {
              "title": "test case 1 login/logout ",
              "fullTitle": "Test suite test case 1 login/logout ",
              "timedOut": null,
              "duration": 1401,
              "state": "passed",
              "speed": "slow",
              "pass": true,
              "fail": false,
              "pending": false,
              "context": null,
              "code": "cy.login().then(cy.logout);",
              "err": {},
              "uuid": "bb9947bf-1e63-4f88-bcb0-4bd141bb6dee",
              "parentUUID": "2bb112a5-7879-47be-8da7-02f8e02a2c30",
              "isHook": false,
              "skipped": false
            },
            {
              "title": "test case 2 GoRooms/logout ",
              "fullTitle": "Test suite test case 2 GoRooms/logout ",
              "timedOut": null,
              "duration": 937,
              "state": "passed",
              "speed": "slow",
              "pass": true,
              "fail": false,
              "pending": false,
              "context": null,
              "code": "cy.login().then(cy.rooms).then(cy.logout);",
              "err": {},
              "uuid": "09c48925-e993-49c5-becc-c1db78c1a552",
              "parentUUID": "2bb112a5-7879-47be-8da7-02f8e02a2c30",
              "isHook": false,
              "skipped": false
            },
            {
              "title": "test case 3 RoomCreat ",
              "fullTitle": "Test suite test case 3 RoomCreat ",
              "timedOut": null,
              "duration": 1017,
              "state": "passed",
              "speed": "slow",
              "pass": true,
              "fail": false,
              "pending": false,
              "context": null,
              "code": "cy.login().then(cy.roomCreate).then(cy.logout);",
              "err": {},
              "uuid": "cce8667a-b69f-42c5-8736-27d8e4078356",
              "parentUUID": "2bb112a5-7879-47be-8da7-02f8e02a2c30",
              "isHook": false,
              "skipped": false
            },
            {
              "title": "test case 4  RoomCreate/Edit",
              "fullTitle": "Test suite test case 4  RoomCreate/Edit",
              "timedOut": null,
              "duration": 1825,
              "state": "passed",
              "speed": "slow",
              "pass": true,
              "fail": false,
              "pending": false,
              "context": null,
              "code": "cy.login().then(cy.roomEditLasatID).then(cy.logout);",
              "err": {},
              "uuid": "fb96bf20-326c-44cf-811f-3be98fede8eb",
              "parentUUID": "2bb112a5-7879-47be-8da7-02f8e02a2c30",
              "isHook": false,
              "skipped": false
            },
            {
              "title": "test case 5 RoomCreate/Delete ",
              "fullTitle": "Test suite test case 5 RoomCreate/Delete ",
              "timedOut": null,
              "duration": 1263,
              "state": "passed",
              "speed": "slow",
              "pass": true,
              "fail": false,
              "pending": false,
              "context": null,
              "code": "cy.login().then(cy.roomDelLastID).then(cy.logout);",
              "err": {},
              "uuid": "1017c261-12c9-4a13-aa2a-e3b880ce0198",
              "parentUUID": "2bb112a5-7879-47be-8da7-02f8e02a2c30",
              "isHook": false,
              "skipped": false
            },
            {
              "title": "test case 6 GoClients/logout ",
              "fullTitle": "Test suite test case 6 GoClients/logout ",
              "timedOut": null,
              "duration": 1188,
              "state": "passed",
              "speed": "slow",
              "pass": true,
              "fail": false,
              "pending": false,
              "context": null,
              "code": "cy.login().then(cy.clients).then(cy.logout);",
              "err": {},
              "uuid": "f0eec06e-90a4-4856-a462-b65a7c6f7349",
              "parentUUID": "2bb112a5-7879-47be-8da7-02f8e02a2c30",
              "isHook": false,
              "skipped": false
            },
            {
              "title": "test case 7 ClientCreat ",
              "fullTitle": "Test suite test case 7 ClientCreat ",
              "timedOut": null,
              "duration": 1170,
              "state": "passed",
              "speed": "slow",
              "pass": true,
              "fail": false,
              "pending": false,
              "context": null,
              "code": "cy.login().then(cy.clientCreate).then(cy.logout);",
              "err": {},
              "uuid": "167524df-ce5b-4af9-bc72-7358a4202b33",
              "parentUUID": "2bb112a5-7879-47be-8da7-02f8e02a2c30",
              "isHook": false,
              "skipped": false
            },
            {
              "title": "test case 8 ClientCreate/Edit ",
              "fullTitle": "Test suite test case 8 ClientCreate/Edit ",
              "timedOut": null,
              "duration": 1625,
              "state": "passed",
              "speed": "slow",
              "pass": true,
              "fail": false,
              "pending": false,
              "context": null,
              "code": "cy.login().then(cy.clientEditLastID).then(cy.logout);",
              "err": {},
              "uuid": "f5cbc4bb-3110-42a4-bdcc-acefd247219d",
              "parentUUID": "2bb112a5-7879-47be-8da7-02f8e02a2c30",
              "isHook": false,
              "skipped": false
            },
            {
              "title": "test case 9 ClientCreate/Delete ",
              "fullTitle": "Test suite test case 9 ClientCreate/Delete ",
              "timedOut": null,
              "duration": 1917,
              "state": "passed",
              "speed": "slow",
              "pass": true,
              "fail": false,
              "pending": false,
              "context": null,
              "code": "cy.login().then(cy.clientDelLastID).then(cy.logout);",
              "err": {},
              "uuid": "44ceb2a4-5657-42b9-81ef-573cf913ac81",
              "parentUUID": "2bb112a5-7879-47be-8da7-02f8e02a2c30",
              "isHook": false,
              "skipped": false
            },
            {
              "title": "test case 10 GoBills/logout ",
              "fullTitle": "Test suite test case 10 GoBills/logout ",
              "timedOut": null,
              "duration": 701,
              "state": "passed",
              "speed": "slow",
              "pass": true,
              "fail": false,
              "pending": false,
              "context": null,
              "code": "cy.login().then(cy.bills).then(cy.logout);",
              "err": {},
              "uuid": "95465423-b847-4f9e-b379-e4665112bae7",
              "parentUUID": "2bb112a5-7879-47be-8da7-02f8e02a2c30",
              "isHook": false,
              "skipped": false
            }
          ],
          "suites": [],
          "passes": [
            "bb9947bf-1e63-4f88-bcb0-4bd141bb6dee",
            "09c48925-e993-49c5-becc-c1db78c1a552",
            "cce8667a-b69f-42c5-8736-27d8e4078356",
            "fb96bf20-326c-44cf-811f-3be98fede8eb",
            "1017c261-12c9-4a13-aa2a-e3b880ce0198",
            "f0eec06e-90a4-4856-a462-b65a7c6f7349",
            "167524df-ce5b-4af9-bc72-7358a4202b33",
            "f5cbc4bb-3110-42a4-bdcc-acefd247219d",
            "44ceb2a4-5657-42b9-81ef-573cf913ac81",
            "95465423-b847-4f9e-b379-e4665112bae7"
          ],
          "failures": [],
          "pending": [],
          "skipped": [],
          "duration": 13044,
          "root": false,
          "rootEmpty": false,
          "_timeout": 2000
        }
      ],
      "passes": [],
      "failures": [],
      "pending": [],
      "skipped": [],
      "duration": 0,
      "root": true,
      "rootEmpty": true,
      "_timeout": 2000
    }
  ],
  "meta": {
    "mocha": {
      "version": "7.0.1"
    },
    "mochawesome": {
      "options": {
        "quiet": false,
        "reportFilename": "mochawesome",
        "saveHtml": true,
        "saveJson": true,
        "consoleReporter": "spec",
        "useInlineDiffs": false,
        "code": true
      },
      "version": "6.2.2"
    },
    "marge": {
      "options": {
        "reportDir": "cypress/results",
        "overwrite": "true",
        "html": "true",
        "json": "true"
      },
      "version": "5.2.0"
    }
  }
}