{
  "stats": {
    "suites": 1,
    "tests": 5,
    "passes": 5,
    "pending": 0,
    "failures": 0,
    "start": "2021-04-22T16:43:29.431Z",
    "end": "2021-04-22T16:43:49.279Z",
    "duration": 19848,
    "testsRegistered": 5,
    "passPercent": 100,
    "pendingPercent": 0,
    "other": 0,
    "hasOther": false,
    "skipped": 0,
    "hasSkipped": false
  },
  "results": [
    {
      "uuid": "b7044238-11db-42c2-956c-4e4553c6428b",
      "title": "",
      "fullFile": "cypress/integration/test-suit-with-po.spec.js",
      "file": "cypress/integration/test-suit-with-po.spec.js",
      "beforeHooks": [],
      "afterHooks": [],
      "tests": [],
      "suites": [
        {
          "uuid": "2e935b63-4879-4f3e-b0e1-3780e63b5d8b",
          "title": "Test suit with Page-objects",
          "fullFile": "",
          "file": "",
          "beforeHooks": [],
          "afterHooks": [],
          "tests": [
            {
              "title": "Perform a valid login",
              "fullTitle": "Test suit with Page-objects Perform a valid login",
              "timedOut": null,
              "duration": 2888,
              "state": "passed",
              "speed": "slow",
              "pass": true,
              "fail": false,
              "pending": false,
              "context": null,
              "code": "//cy.visit('http://localhost:3000')  \n//loginFuncs.checkLoginPageTitle\n//loginFuncs.performValidLogin('tester01', 'GteteqbQQgSr88SwNExUQv2ydb7xuf8c','Welcome')\ndashboardFuncs.performLogout('Login');",
              "err": {},
              "uuid": "b8c55ca3-c1ec-4132-909e-ffc0f8cbfaef",
              "parentUUID": "2e935b63-4879-4f3e-b0e1-3780e63b5d8b",
              "isHook": false,
              "skipped": false
            },
            {
              "title": "View rooms and come back to dashboard-page",
              "fullTitle": "Test suit with Page-objects View rooms and come back to dashboard-page",
              "timedOut": null,
              "duration": 3315,
              "state": "passed",
              "speed": "slow",
              "pass": true,
              "fail": false,
              "pending": false,
              "context": null,
              "code": "dashboardFuncs.viewRooms(\"Rooms\");\nroomsFuncs.backToDashboardFromRooms(\"Tester Hotel Overview\");",
              "err": {},
              "uuid": "42548704-f219-4e92-a478-d78fb46f84b0",
              "parentUUID": "2e935b63-4879-4f3e-b0e1-3780e63b5d8b",
              "isHook": false,
              "skipped": false
            },
            {
              "title": "Create a new room",
              "fullTitle": "Test suit with Page-objects Create a new room",
              "timedOut": null,
              "duration": 4902,
              "state": "passed",
              "speed": "slow",
              "pass": true,
              "fail": false,
              "pending": false,
              "context": null,
              "code": "dashboardFuncs.viewRooms(\"Rooms\");\nroomsFuncs.createRoom(\"New Room\");\nnewRoomsFuncs.createANewRoom('double', '3', '1', '1234', 'balcony');\nnewRoomsFuncs.saveANewRoom('Rooms');\nroomsFuncs.verifyNewRoom('double', '3', '1', '1234', 'balcony');",
              "err": {},
              "uuid": "4aea78c8-78b8-48ad-8ff1-7e50fb5969ba",
              "parentUUID": "2e935b63-4879-4f3e-b0e1-3780e63b5d8b",
              "isHook": false,
              "skipped": false
            },
            {
              "title": "Edit last room",
              "fullTitle": "Test suit with Page-objects Edit last room",
              "timedOut": null,
              "duration": 5368,
              "state": "passed",
              "speed": "slow",
              "pass": true,
              "fail": false,
              "pending": false,
              "context": null,
              "code": "dashboardFuncs.viewRooms(\"Rooms\");\nroomsFuncs.openFreeDottsAndEdit(\"ID\");\neditRoomFuncs.editRoom('single', '3', '1', '1000', ['balcony', 'sea_view']);\neditRoomFuncs.saveEditedRoom('Rooms');\nroomsFuncs.verifyEditedRoom('single', '3', '1', '1000', ['balcony', 'sea_view']);",
              "err": {},
              "uuid": "5ea468a7-b5b5-4528-b227-31610c586543",
              "parentUUID": "2e935b63-4879-4f3e-b0e1-3780e63b5d8b",
              "isHook": false,
              "skipped": false
            },
            {
              "title": "Delete last room",
              "fullTitle": "Test suit with Page-objects Delete last room",
              "timedOut": null,
              "duration": 3298,
              "state": "passed",
              "speed": "slow",
              "pass": true,
              "fail": false,
              "pending": false,
              "context": null,
              "code": "dashboardFuncs.viewRooms(\"Rooms\");\nroomsFuncs.openFreeDottsAndDelete();",
              "err": {},
              "uuid": "66875318-0b7a-4609-b780-084017bc8711",
              "parentUUID": "2e935b63-4879-4f3e-b0e1-3780e63b5d8b",
              "isHook": false,
              "skipped": false
            }
          ],
          "suites": [],
          "passes": [
            "b8c55ca3-c1ec-4132-909e-ffc0f8cbfaef",
            "42548704-f219-4e92-a478-d78fb46f84b0",
            "4aea78c8-78b8-48ad-8ff1-7e50fb5969ba",
            "5ea468a7-b5b5-4528-b227-31610c586543",
            "66875318-0b7a-4609-b780-084017bc8711"
          ],
          "failures": [],
          "pending": [],
          "skipped": [],
          "duration": 19771,
          "root": false,
          "rootEmpty": false,
          "_timeout": 2000
        }
      ],
      "passes": [],
      "failures": [],
      "pending": [],
      "skipped": [],
      "duration": 0,
      "root": true,
      "rootEmpty": true,
      "_timeout": 2000
    }
  ],
  "meta": {
    "mocha": {
      "version": "7.0.1"
    },
    "mochawesome": {
      "options": {
        "quiet": false,
        "reportFilename": "mochawesome",
        "saveHtml": true,
        "saveJson": true,
        "consoleReporter": "spec",
        "useInlineDiffs": false,
        "code": true
      },
      "version": "6.2.2"
    },
    "marge": {
      "options": null,
      "version": "5.2.0"
    }
  }
}